[    0.000000] Initializing cgroup subsys cpuset
[    0.000000] Initializing cgroup subsys cpu
[    0.000000] Initializing cgroup subsys cpuacct
[    0.000000] Linux version 4.4.0-101-generic (buildd@lcy01-amd64-006) (gcc version 5.4.0 20160609 (Ubuntu 5.4.0-6ubuntu1~16.04.5) ) #124-Ubuntu SMP Fri Nov 10 18:29:59 UTC 2017 (Ubuntu 4.4.0-101.124-generic 4.4.95)
[    0.000000] Command line: BOOT_IMAGE=/boot/vmlinuz-4.4.0-101-generic root=UUID=82ca1e17-8bc2-4895-96bb-3c39e5863238 ro console=tty1 console=ttyS0
[    0.000000] KERNEL supported cpus:
[    0.000000]   Intel GenuineIntel
[    0.000000]   AMD AuthenticAMD
[    0.000000]   Centaur CentaurHauls
[    0.000000] x86/fpu: xstate_offset[2]:  576, xstate_sizes[2]:  256
[    0.000000] x86/fpu: Supporting XSAVE feature 0x01: 'x87 floating point registers'
[    0.000000] x86/fpu: Supporting XSAVE feature 0x02: 'SSE registers'
[    0.000000] x86/fpu: Supporting XSAVE feature 0x04: 'AVX registers'
[    0.000000] x86/fpu: Enabled xstate features 0x7, context size is 832 bytes, using 'standard' format.
[    0.000000] x86/fpu: Using 'lazy' FPU context switches.
[    0.000000] e820: BIOS-provided physical RAM map:
[    0.000000] BIOS-e820: [mem 0x0000000000000000-0x000000000009fbff] usable
[    0.000000] BIOS-e820: [mem 0x000000000009fc00-0x000000000009ffff] reserved
[    0.000000] BIOS-e820: [mem 0x00000000000f0000-0x00000000000fffff] reserved
[    0.000000] BIOS-e820: [mem 0x0000000000100000-0x000000003ffeffff] usable
[    0.000000] BIOS-e820: [mem 0x000000003fff0000-0x000000003fffffff] ACPI data
[    0.000000] BIOS-e820: [mem 0x00000000fec00000-0x00000000fec00fff] reserved
[    0.000000] BIOS-e820: [mem 0x00000000fee00000-0x00000000fee00fff] reserved
[    0.000000] BIOS-e820: [mem 0x00000000fffc0000-0x00000000ffffffff] reserved
[    0.000000] NX (Execute Disable) protection: active
[    0.000000] SMBIOS 2.5 present.
[    0.000000] Hypervisor detected: KVM
[    0.000000] e820: last_pfn = 0x3fff0 max_arch_pfn = 0x400000000
[    0.000000] MTRR: Disabled
[    0.000000] x86/PAT: MTRRs disabled, skipping PAT initialization too.
[    0.000000] CPU MTRRs all blank - virtualized system.
[    0.000000] x86/PAT: Configuration [0-7]: WB  WT  UC- UC  WB  WT  UC- UC  
[    0.000000] found SMP MP-table at [mem 0x0009fff0-0x0009ffff] mapped at [ffff88000009fff0]
[    0.000000] Scanning 1 areas for low memory corruption
[    0.000000] RAMDISK: [mem 0x3622e000-0x3710efff]
[    0.000000] ACPI: Early table checksum verification disabled
[    0.000000] ACPI: RSDP 0x00000000000E0000 000024 (v02 VBOX  )
[    0.000000] ACPI: XSDT 0x000000003FFF0030 00003C (v01 VBOX   VBOXXSDT 00000001 ASL  00000061)
[    0.000000] ACPI: FACP 0x000000003FFF00F0 0000F4 (v04 VBOX   VBOXFACP 00000001 ASL  00000061)
[    0.000000] ACPI: DSDT 0x000000003FFF0470 0021C8 (v02 VBOX   VBOXBIOS 00000002 INTL 20100528)
[    0.000000] ACPI: FACS 0x000000003FFF0200 000040
[    0.000000] ACPI: FACS 0x000000003FFF0200 000040
[    0.000000] ACPI: APIC 0x000000003FFF0240 00005C (v02 VBOX   VBOXAPIC 00000001 ASL  00000061)
[    0.000000] ACPI: SSDT 0x000000003FFF02A0 0001CC (v01 VBOX   VBOXCPUT 00000002 INTL 20100528)
[    0.000000] No NUMA configuration found
[    0.000000] Faking a node at [mem 0x0000000000000000-0x000000003ffeffff]
[    0.000000] NODE_DATA(0) allocated [mem 0x3ffeb000-0x3ffeffff]
[    0.000000] kvm-clock: Using msrs 4b564d01 and 4b564d00
[    0.000000] kvm-clock: cpu 0, msr 0:3ffe3001, primary cpu clock
[    0.000000] kvm-clock: using sched offset of 5385415271 cycles
[    0.000000] clocksource: kvm-clock: mask: 0xffffffffffffffff max_cycles: 0x1cd42e4dffb, max_idle_ns: 881590591483 ns
[    0.000000] Zone ranges:
[    0.000000]   DMA      [mem 0x0000000000001000-0x0000000000ffffff]
[    0.000000]   DMA32    [mem 0x0000000001000000-0x000000003ffeffff]
[    0.000000]   Normal   empty
[    0.000000]   Device   empty
[    0.000000] Movable zone start for each node
[    0.000000] Early memory node ranges
[    0.000000]   node   0: [mem 0x0000000000001000-0x000000000009efff]
[    0.000000]   node   0: [mem 0x0000000000100000-0x000000003ffeffff]
[    0.000000] Initmem setup node 0 [mem 0x0000000000001000-0x000000003ffeffff]
[    0.000000] ACPI: PM-Timer IO Port: 0x4008
[    0.000000] IOAPIC[0]: apic_id 2, version 32, address 0xfec00000, GSI 0-23
[    0.000000] ACPI: INT_SRC_OVR (bus 0 bus_irq 0 global_irq 2 dfl dfl)
[    0.000000] ACPI: INT_SRC_OVR (bus 0 bus_irq 9 global_irq 9 high level)
[    0.000000] Using ACPI (MADT) for SMP configuration information
[    0.000000] smpboot: Allowing 2 CPUs, 0 hotplug CPUs
[    0.000000] PM: Registered nosave memory: [mem 0x00000000-0x00000fff]
[    0.000000] PM: Registered nosave memory: [mem 0x0009f000-0x0009ffff]
[    0.000000] PM: Registered nosave memory: [mem 0x000a0000-0x000effff]
[    0.000000] PM: Registered nosave memory: [mem 0x000f0000-0x000fffff]
[    0.000000] e820: [mem 0x40000000-0xfebfffff] available for PCI devices
[    0.000000] Booting paravirtualized kernel on KVM
[    0.000000] clocksource: refined-jiffies: mask: 0xffffffff max_cycles: 0xffffffff, max_idle_ns: 7645519600211568 ns
[    0.000000] setup_percpu: NR_CPUS:512 nr_cpumask_bits:512 nr_cpu_ids:2 nr_node_ids:1
[    0.000000] PERCPU: Embedded 34 pages/cpu @ffff88003fc00000 s98328 r8192 d32744 u1048576
[    0.000000] PV qspinlock hash table entries: 256 (order: 0, 4096 bytes)
[    0.000000] Built 1 zonelists in Node order, mobility grouping on.  Total pages: 257913
[    0.000000] Policy zone: DMA32
[    0.000000] Kernel command line: BOOT_IMAGE=/boot/vmlinuz-4.4.0-101-generic root=UUID=82ca1e17-8bc2-4895-96bb-3c39e5863238 ro console=tty1 console=ttyS0
[    0.000000] PID hash table entries: 4096 (order: 3, 32768 bytes)
[    0.000000] Memory: 997328K/1048120K available (8484K kernel code, 1294K rwdata, 3988K rodata, 1492K init, 1316K bss, 50792K reserved, 0K cma-reserved)
[    0.000000] SLUB: HWalign=64, Order=0-3, MinObjects=0, CPUs=2, Nodes=1
[    0.000000] Hierarchical RCU implementation.
[    0.000000] 	Build-time adjustment of leaf fanout to 64.
[    0.000000] 	RCU restricting CPUs from NR_CPUS=512 to nr_cpu_ids=2.
[    0.000000] RCU: Adjusting geometry for rcu_fanout_leaf=64, nr_cpu_ids=2
[    0.000000] NR_IRQS:33024 nr_irqs:440 16
[    0.000000] Console: colour VGA+ 80x25
[    0.000000] console [tty1] enabled
[    0.000000] console [ttyS0] enabled
[    0.000000] tsc: Detected 1696.074 MHz processor
[   14.479680] Calibrating delay loop (skipped) preset value.. 3392.14 BogoMIPS (lpj=6784296)
[   14.670810] pid_max: default: 32768 minimum: 301
[   14.849361] ACPI: Core revision 20150930
[   14.945155] ACPI: 2 ACPI AML tables successfully acquired and loaded
[   15.064654] Security Framework initialized
[   15.171093] Yama: becoming mindful.
[   15.257003] AppArmor: AppArmor initialized
[   15.375288] Dentry cache hash table entries: 131072 (order: 8, 1048576 bytes)
[   15.570775] Inode-cache hash table entries: 65536 (order: 7, 524288 bytes)
[   15.744772] Mount-cache hash table entries: 2048 (order: 2, 16384 bytes)
[   15.844072] Mountpoint-cache hash table entries: 2048 (order: 2, 16384 bytes)
[   15.937490] Initializing cgroup subsys io
[   16.033397] Initializing cgroup subsys memory
[   16.162575] Initializing cgroup subsys devices
[   16.304135] Initializing cgroup subsys freezer
[   16.433350] Initializing cgroup subsys net_cls
[   16.551477] Initializing cgroup subsys perf_event
[   16.661601] Initializing cgroup subsys net_prio
[   16.823118] Initializing cgroup subsys hugetlb
[   16.967125] Initializing cgroup subsys pids
[   17.113905] CPU: Physical Processor ID: 0
[   17.245862] CPU: Processor Core ID: 0
[   17.373542] mce: CPU supports 0 MCE banks
[   17.505641] Last level iTLB entries: 4KB 1024, 2MB 1024, 4MB 1024
[   17.717268] Last level dTLB entries: 4KB 1024, 2MB 1024, 4MB 1024, 1GB 4
[   17.938587] Freeing SMP alternatives memory: 32K
[   18.114499] ftrace: allocating 32156 entries in 126 pages
[   18.343531] smpboot: APIC(0) Converting physical 0 to logical package 0
[   18.576670] smpboot: Max logical packages: 1
[   18.726759] x2apic enabled
[   18.825492] Switched APIC routing to physical x2apic.
[   18.971039] ..TIMER: vector=0x30 apic1=0 pin1=2 apic2=-1 pin2=-1
[   19.287134] smpboot: CPU0: Intel(R) Core(TM) i3-4005U CPU @ 1.70GHz (family: 0x6, model: 0x45, stepping: 0x1)
[   19.535010] Performance Events: unsupported p6 CPU model 69 no PMU driver, software events only.
[   19.784524] KVM setup paravirtual spinlock
[   19.934580] x86: Booting SMP configuration:
[   20.076196] .... node  #0, CPUs:      #1
[   20.178763] kvm-clock: cpu 1, msr 0:3ffe3041, secondary cpu clock
[   20.229493] mce: CPU supports 0 MCE banks
[   20.364808] x86: Booted up 1 node, 2 CPUs
[   20.503036] smpboot: Total of 2 processors activated (6784.29 BogoMIPS)
[   20.725622] devtmpfs: initialized
[   20.837196] evm: security.selinux
[   20.940251] evm: security.SMACK64
[   21.038172] evm: security.SMACK64EXEC
[   21.165500] evm: security.SMACK64TRANSMUTE
[   21.227013] evm: security.SMACK64MMAP
[   21.307188] evm: security.ima
[   21.353969] evm: security.capability
[   21.369149] clocksource: jiffies: mask: 0xffffffff max_cycles: 0xffffffff, max_idle_ns: 7645041785100000 ns
[   21.455342] futex hash table entries: 512 (order: 3, 32768 bytes)
[   21.625748] pinctrl core: initialized pinctrl subsystem
[   21.781122] RTC time:  6:58:14, date: 12/10/17
[   21.942912] NET: Registered protocol family 16
[   22.096875] cpuidle: using governor ladder
[   22.220714] cpuidle: using governor menu
[   22.317712] PCCT header not found.
[   22.382526] ACPI: bus type PCI registered
[   22.407460] acpiphp: ACPI Hot Plug PCI Controller Driver version: 0.5
[   22.526837] PCI: Using configuration type 1 for base access
[   22.752832] ACPI: Added _OSI(Module Device)
[   22.890682] ACPI: Added _OSI(Processor Device)
[   23.040514] ACPI: Added _OSI(3.0 _SCP Extensions)
[   23.198161] ACPI: Added _OSI(Processor Aggregator Device)
[   23.400429] ACPI: Executed 1 blocks of module-level executable AML code
[   23.642505] ACPI: Interpreter enabled
[   23.759506] ACPI: (supports S0 S5)
[   23.868976] ACPI: Using IOAPIC for interrupt routing
[   23.940543] PCI: Using host bridge windows from ACPI; if necessary, use "pci=nocrs" and report a bug
[   24.080313] ACPI: PCI Root Bridge [PCI0] (domain 0000 [bus 00-ff])
[   24.166964] acpi PNP0A03:00: _OSC: OS supports [ASPM ClockPM Segments MSI]
[   24.245735] acpi PNP0A03:00: _OSC failed (AE_NOT_FOUND); disabling ASPM
[   24.399894] acpi PNP0A03:00: fail to add MMCONFIG information, can't access extended PCI configuration space under this bridge.
[   24.540783] PCI host bridge to bus 0000:00
[   24.666807] pci_bus 0000:00: root bus resource [io  0x0000-0x0cf7 window]
[   24.829398] pci_bus 0000:00: root bus resource [io  0x0d00-0xffff window]
[   25.024711] pci_bus 0000:00: root bus resource [mem 0x000a0000-0x000bffff window]
[   25.217285] pci_bus 0000:00: root bus resource [mem 0x40000000-0xffdfffff window]
[   25.376439] pci_bus 0000:00: root bus resource [bus 00-ff]
[   25.403645] pci 0000:00:01.1: legacy IDE quirk: reg 0x10: [io  0x01f0-0x01f7]
[   25.558461] pci 0000:00:01.1: legacy IDE quirk: reg 0x14: [io  0x03f6]
[   25.772686] pci 0000:00:01.1: legacy IDE quirk: reg 0x18: [io  0x0170-0x0177]
[   26.006973] pci 0000:00:01.1: legacy IDE quirk: reg 0x1c: [io  0x0376]
[   26.248178] pci 0000:00:07.0: quirk: [io  0x4000-0x403f] claimed by PIIX4 ACPI
[   26.476503] pci 0000:00:07.0: quirk: [io  0x4100-0x410f] claimed by PIIX4 SMB
[   26.676927] ACPI: PCI Interrupt Link [LNKA] (IRQs 5 9 10 *11)
[   26.843661] ACPI: PCI Interrupt Link [LNKB] (IRQs 5 9 10 *11)
[   27.041392] ACPI: PCI Interrupt Link [LNKC] (IRQs 5 9 *10 11)
[   27.147197] ACPI: PCI Interrupt Link [LNKD] (IRQs 5 *9 10 11)
[   27.303665] ACPI: Enabled 2 GPEs in block 00 to 07
[   27.437716] vgaarb: setting as boot device: PCI:0000:00:02.0
[   27.601735] vgaarb: device added: PCI:0000:00:02.0,decodes=io+mem,owns=io+mem,locks=none
[   27.767413] vgaarb: loaded
[   27.796958] vgaarb: bridge control possible 0000:00:02.0
[   27.876962] SCSI subsystem initialized
[   27.936170] ACPI: bus type USB registered
[   28.022117] usbcore: registered new interface driver usbfs
[   28.132305] usbcore: registered new interface driver hub
[   28.332983] usbcore: registered new device driver usb
[   28.499356] PCI: Using ACPI for IRQ routing
[   28.610621] NetLabel: Initializing
[   28.726977] NetLabel:  domain hash size = 128
[   28.834939] NetLabel:  protocols = UNLABELED CIPSOv4
[   28.965318] NetLabel:  unlabeled traffic allowed by default
[   29.082519] amd_nb: Cannot enumerate AMD northbridges
[   29.246552] clocksource: Switched to clocksource kvm-clock
[   29.334986] AppArmor: AppArmor Filesystem Enabled
[   29.443198] pnp: PnP ACPI init
[   29.547457] pnp: PnP ACPI: found 3 devices
[   29.679200] clocksource: acpi_pm: mask: 0xffffff max_cycles: 0xffffff, max_idle_ns: 2085701024 ns
[   29.967890] NET: Registered protocol family 2
[   30.068214] TCP established hash table entries: 8192 (order: 4, 65536 bytes)
[   30.418088] TCP bind hash table entries: 8192 (order: 5, 131072 bytes)
[   30.637731] TCP: Hash tables configured (established 8192 bind 8192)
[   30.769096] UDP hash table entries: 512 (order: 2, 16384 bytes)
[   30.910612] UDP-Lite hash table entries: 512 (order: 2, 16384 bytes)
[   31.086024] NET: Registered protocol family 1
[   31.205972] pci 0000:00:00.0: Limiting direct PCI/PCI transfers
[   31.393392] pci 0000:00:01.0: Activating ISA DMA hang workarounds
[   31.635337] Unpacking initramfs...
[   32.305637] Freeing initrd memory: 15236K
[   32.413290] RAPL PMU detected, API unit is 2^-32 Joules, 4 fixed counters 10737418240 ms ovfl timer
[   32.608764] hw unit of domain pp0-core 2^-0 Joules
[   32.739968] hw unit of domain package 2^-0 Joules
[   32.887164] hw unit of domain dram 2^-0 Joules
[   32.936122] hw unit of domain pp1-gpu 2^-0 Joules
[   33.035315] platform rtc_cmos: registered platform RTC device (no PNP device found)
[   33.256691] Scanning for low memory corruption every 60 seconds
[   33.448702] audit: initializing netlink subsys (disabled)
[   33.643530] audit: type=2000 audit(1512889084.502:1): initialized
[   33.838848] Initialise system trusted keyring
[   33.949273] HugeTLB registered 2 MB page size, pre-allocated 0 pages
[   34.059952] tsc: Refined TSC clocksource calibration: 1696.968 MHz
[   34.249305] clocksource: tsc: mask: 0xffffffffffffffff max_cycles: 0x1875f6f58a4, max_idle_ns: 440795223789 ns
[   34.253170] zbud: loaded
[   34.253595] VFS: Disk quotas dquot_6.6.0
[   34.253669] VFS: Dquot-cache hash table entries: 512 (order 0, 4096 bytes)
[   34.254298] squashfs: version 4.0 (2009/01/31) Phillip Lougher
[   35.079481] fuse init (API version 7.23)
[   35.220565] Key type big_key registered
[   35.351248] Allocating IMA MOK and blacklist keyrings.
[   35.486087] Key type asymmetric registered
[   35.632743] Asymmetric key parser 'x509' registered
[   35.767823] Block layer SCSI generic (bsg) driver version 0.4 loaded (major 249)
[   36.023391] io scheduler noop registered
[   36.146927] io scheduler deadline registered (default)
[   36.321472] io scheduler cfq registered
[   36.440106] pci_hotplug: PCI Hot Plug PCI Core version: 0.5
[   36.591750] pciehp: PCI Express Hot Plug Controller Driver version: 0.4
[   36.773165] ACPI: AC Adapter [AC] (off-line)
[   36.906891] input: Power Button as /devices/LNXSYSTM:00/LNXPWRBN:00/input/input0
[   37.156309] ACPI: Power Button [PWRF]
[   37.253011] input: Sleep Button as /devices/LNXSYSTM:00/LNXSLPBN:00/input/input1
[   37.397277] ACPI: Sleep Button [SLPF]
[   37.517086] GHES: HEST is not enabled!
[   37.518689] ACPI: Battery Slot [BAT0] (battery present)
[   37.812616] Serial: 8250/16550 driver, 32 ports, IRQ sharing enabled
[   38.073493] 00:02: ttyS0 at I/O 0x3f8 (irq = 4, base_baud = 115200) is a 16550A
[   38.344210] Linux agpgart interface v0.103
[   38.486719] loop: module loaded
[   38.573162] scsi host0: ata_piix
[   38.676117] scsi host1: ata_piix
[   38.788013] ata1: PATA max UDMA/33 cmd 0x1f0 ctl 0x3f6 bmdma 0xd000 irq 14
[   38.984641] ata2: PATA max UDMA/33 cmd 0x170 ctl 0x376 bmdma 0xd008 irq 15
[   39.048987] libphy: Fixed MDIO Bus: probed
[   39.140090] tun: Universal TUN/TAP device driver, 1.6
[   39.323880] tun: (C) 1999-2004 Max Krasnyansky <maxk@qualcomm.com>
[   39.526339] PPP generic driver version 2.4.2
[   39.680079] ehci_hcd: USB 2.0 'Enhanced' Host Controller (EHCI) Driver
[   39.862575] ehci-pci: EHCI PCI platform driver
[   39.999844] ehci-platform: EHCI generic platform driver
[   40.180022] ohci_hcd: USB 1.1 'Open' Host Controller (OHCI) Driver
[   40.314148] ohci-pci: OHCI PCI platform driver
[   40.498844] ohci-platform: OHCI generic platform driver
[   40.680336] uhci_hcd: USB Universal Host Controller Interface driver
[   40.922221] i8042: PNP: PS/2 Controller [PNP0303:PS2K,PNP0f03:PS2M] at 0x60,0x64 irq 1,12
[   41.074233] serio: i8042 KBD port at 0x60,0x64 irq 1
[   41.194260] serio: i8042 AUX port at 0x60,0x64 irq 12
[   41.347811] mousedev: PS/2 mouse device common for all mice
[   41.467667] rtc_cmos rtc_cmos: rtc core: registered rtc_cmos as rtc0
[   41.706780] input: AT Translated Set 2 keyboard as /devices/platform/i8042/serio0/input/input2
[   42.016893] rtc_cmos rtc_cmos: alarms up to one day, 114 bytes nvram
[   42.136726] i2c /dev entries driver
[   42.224665] device-mapper: uevent: version 1.0.3
[   42.397630] device-mapper: ioctl: 4.34.0-ioctl (2015-10-28) initialised: dm-devel@redhat.com
[   42.682225] ledtrig-cpu: registered to indicate activity on CPUs
[   42.704985] NET: Registered protocol family 10
[   42.841758] NET: Registered protocol family 17
[   42.992980] Key type dns_resolver registered
[   43.094089] microcode: CPU0 sig=0x40651, pf=0x40, revision=0x0
[   43.189732] microcode: CPU1 sig=0x40651, pf=0x40, revision=0x0
[   43.329849] microcode: Microcode Update Driver: v2.01 <tigran@aivazian.fsnet.co.uk>, Peter Oruba
[   43.432044] registered taskstats version 1
[   43.534390] Loading compiled-in X.509 certificates
[   43.656658] Loaded X.509 cert 'Build time autogenerated kernel key: f91c6829a34a801956ec6287af569c0a1f1f8d39'
[   44.000692] zswap: loaded using pool lzo/zbud
[   44.151358] Key type trusted registered
[   44.277206] Key type encrypted registered
[   44.417441] AppArmor: AppArmor sha1 policy hashing enabled
[   44.613273] ima: No TPM chip found, activating TPM-bypass!
[   44.791594] evm: HMAC attrs: 0x1
[   44.900824]   Magic number: 13:863:973
[   45.034406] rtc_cmos rtc_cmos: setting system clock to 2017-12-10 06:58:37 UTC (1512889117)
[   45.181704] BIOS EDD facility v0.16 2004-Jun-25, 0 devices found
[   45.319944] EDD information not available.
[   45.436673] Freeing unused kernel memory: 1492K
[   45.587777] Write protecting the kernel read-only data: 14336k
[   45.781432] Freeing unused kernel memory: 1744K
[   45.803029] Freeing unused kernel memory: 108K
Loading, please wait...
[   45.858877] random: systemd-udevd: uninitialized urandom read (16 bytes read, 5 bits of entropy available)
starting version[   45.860433] random: udevadm: uninitialized urandom read (16 bytes read, 5 bits of entropy available)
 229
[   45.860472] random: udevadm: uninitialized urandom read (16 bytes read, 5 bits of entropy available)
[   45.878988] random: udevadm: uninitialized urandom read (16 bytes read, 5 bits of entropy available)
[   45.879075] random: udevadm: uninitialized urandom read (16 bytes read, 5 bits of entropy available)
[   45.879406] random: udevadm: uninitialized urandom read (16 bytes read, 5 bits of entropy available)
[   45.879520] random: udevadm: uninitialized urandom read (16 bytes read, 5 bits of entropy available)
[   45.879625] random: udevadm: uninitialized urandom read (16 bytes read, 5 bits of entropy available)
[   45.879733] random: udevadm: uninitialized urandom read (16 bytes read, 5 bits of entropy available)
[   45.879890] random: udevadm: uninitialized urandom read (16 bytes read, 5 bits of entropy available)
[   48.440464] Fusion MPT base driver 3.04.20
[   48.577396] Copyright (c) 1999-2008 LSI Corporation
[   48.741311] e1000: Intel(R) PRO/1000 Network Driver - version 7.3.21-k8-NAPI
[   48.945676] e1000: Copyright (c) 1999-2006 Intel Corporation.
[   49.128099] Fusion MPT SPI Host driver 3.04.20
[   49.261255] input: ImExPS/2 Generic Explorer Mouse as /devices/platform/i8042/serio1/input/input4
[   49.262992] mptbase: ioc0: Initiating bringup
[   49.440524] AVX version of gcm_enc/dec engaged.
[   49.524773] AES CTR mode by8 optimization enabled
[   49.679982] ioc0: LSI53C1030 A0: Capabilities={Initiator}
[   50.033752] scsi host2: ioc0: LSI53C1030 A0, FwRev=00000000h, Ports=1, MaxQ=256, IRQ=20
[   50.464728] scsi 2:0:0:0: Direct-Access     VBOX     HARDDISK         1.0  PQ: 0 ANSI: 5
[   50.673184] scsi target2:0:0: Beginning Domain Validation
[   50.852422] scsi target2:0:0: Domain Validation skipping write tests
[   50.963671] scsi target2:0:0: Ending Domain Validation
[   51.077650] scsi target2:0:0: asynchronous
[   51.251428] scsi 2:0:1:0: Direct-Access     VBOX     HARDDISK         1.0  PQ: 0 ANSI: 5
[   51.401165] scsi target2:0:1: Beginning Domain Validation
[   51.538381] scsi target2:0:1: Domain Validation skipping write tests
[   51.539540] floppy0: no floppy controllers found
[   51.539623] work still pending
[   51.641738] e1000 0000:00:03.0 eth0: (PCI:33MHz:32-bit) 02:1b:fc:5d:b5:ff
[   51.641751] e1000 0000:00:03.0 eth0: Intel(R) PRO/1000 Network Connection
[   51.862485] e1000 0000:00:03.0 enp0s3: renamed from eth0
[   52.596100] scsi target2:0:1: Ending Domain Validation
[   52.787585] scsi target2:0:1: asynchronous
[   52.917727] sd 2:0:0:0: Attached scsi generic sg0 type 0
[   53.104807] sd 2:0:0:0: [sda] 20971520 512-byte logical blocks: (10.7 GB/10.0 GiB)
[   53.406910] sd 2:0:1:0: [sdb] 20480 512-byte logical blocks: (10.5 MB/10.0 MiB)
[   53.658905] sd 2:0:1:0: Attached scsi generic sg1 type 0
[   53.854712] sd 2:0:0:0: [sda] Write Protect is off
[   53.854797] sd 2:0:1:0: [sdb] Write Protect is off
[   53.854949] sd 2:0:1:0: [sdb] Incomplete mode parameter data
[   53.854951] sd 2:0:1:0: [sdb] Assuming drive cache: write through
[   54.072654] sd 2:0:1:0: [sdb] Attached SCSI disk
[   54.263682] sd 2:0:0:0: [sda] Incomplete mode parameter data
[   54.364203] sd 2:0:0:0: [sda] Assuming drive cache: write through
[   54.527639]  sda: sda1
[   54.615020] sd 2:0:0:0: [sda] Attached SCSI disk
Begin: Loading e[   56.525139] md: linear personality registered for level -1
ssential drivers[   56.737146] md: multipath personality registered for level -4
 ... [   56.958099] md: raid0 personality registered for level 0
[   57.170981] md: raid1 personality registered for level 1
[   57.435101] raid6: sse2x1   gen()  4249 MB/s
[   57.618531] raid6: sse2x1   xor()  3633 MB/s
[   57.799122] raid6: sse2x2   gen()  5091 MB/s
[   57.978719] raid6: sse2x2   xor()  3294 MB/s
[   58.183316] raid6: sse2x4   gen()  6246 MB/s
[   58.398815] raid6: sse2x4   xor()  4265 MB/s
[   58.551242] raid6: using algorithm sse2x4 gen() 6246 MB/s
[   58.710213] raid6: .... xor() 4265 MB/s, rmw enabled
[   58.862780] raid6: using ssse3x2 recovery algorithm
[   58.956616] xor: automatically using best checksumming function:
[   59.170846]    avx       : 11359.000 MB/sec
[   59.306135] async_tx: api initialized (async)
[   59.455234] md: raid6 personality registered for level 6
[   59.590241] md: raid5 personality registered for level 5
[   59.721988] md: raid4 personality registered for level 4
[   59.882408] md: raid10 personality registered for level 10
done.
Begin: Running /scripts/init-premount ... done.[   60.143227] Btrfs loaded

Begin: Mounting root file system ... Begin: Running /scripts/lo[   60.306921] EXT4-fs (sda1): INFO: recovery required on readonly filesystem
cal-top ... done[   60.573523] EXT4-fs (sda1): write access will be enabled during recovery
.
Begin: Running /scripts/local[   60.872925] EXT4-fs (sda1): recovery complete
-premount ... Sc[   61.052294] EXT4-fs (sda1): mounted filesystem with ordered data mode. Opts: (null)
anning for Btrfs filesystems
done.
Warning: fsck not present, so skipping root file system
done.
Begin: Running /scripts/local-bottom ... done.
Begin: Running /scripts/init-bottom ... done.
[   61.683814] systemd[1]: systemd 229 running in system mode. (+PAM +AUDIT +SELINUX +IMA +APPARMOR +SMACK +SYSVINIT +UTMP +LIBCRYPTSETUP +GCRYPT +GNUTLS +ACL +XZ -LZ4 +SECCOMP +BLKID +ELFUTILS +KMOD -IDN)
[   62.310482] systemd[1]: Detected virtualization oracle.
[   62.474871] systemd[1]: Detected architecture x86-64.

Welcome to [1mUbuntu 16.04.3 LTS[0m!

[   62.703598] systemd[1]: Set hostname to <ubuntu-xenial>.
[   62.914330] random: nonblocking pool is initialized
[   63.175896] systemd[1]: Listening on LVM2 poll daemon socket.
[[0;32m  OK  [0m] Listening on LVM2 poll daemon socket.
[   63.411314] systemd[1]: Reached target Encrypted Volumes.
[[0;32m  OK  [0m] Reached target Encrypted Volumes.
[   63.683266] systemd[1]: Listening on Device-mapper event daemon FIFOs.
[[0;32m  OK  [0m] Listening on Device-mapper event daemon FIFOs.
[   64.031664] systemd[1]: Listening on udev Kernel Socket.
[[0;32m  OK  [0m] Listening on udev Kernel Socket.
[   64.316076] systemd[1]: Listening on Journal Audit Socket.
[[0;32m  OK  [0m] Listening on Journal Audit Socket.
[   64.608744] systemd[1]: Listening on Journal Socket (/dev/log).
[[0;32m  OK  [0m] Listening on Journal Socket (/dev/log).
[   64.911492] systemd[1]: Listening on LVM2 metadata daemon socket.
[[0;32m  OK  [0m] Listening on LVM2 metadata daemon socket.
[   65.231818] systemd[1]: Listening on Syslog Socket.
[[0;32m  OK  [0m] Listening on Syslog Socket.
[   65.463462] systemd[1]: Listening on Journal Socket.
[[0;32m  OK  [0m] Listening on Journal Socket.
[   65.670409] systemd[1]: Created slice System Slice.
[[0;32m  OK  [0m] Created slice System Slice.
[   65.864350] systemd[1]: Starting Nameserver information manager...
         Starting Nameserver information manager...
[   66.144970] systemd[1]: Created slice system-serial\x2dgetty.slice.
[[0;32m  OK  [0m] Created slice system-serial\x2dgetty.slice.
[   66.498961] systemd[1]: Mounting Debug File System...
         Mounting Debug File System...
[   66.751540] systemd[1]: Starting Remount Root and Kernel File Systems...
         [   66.980250] EXT4-fs (sda1): re-mounted. Opts: (null)
Starting Remount Root and Kernel File Systems...
[   67.247230] systemd[1]: Starting Load Kernel Modules...
         Starting Load Ke[   67.463375] Loading iSCSI transport class v2.0-870.
rnel Modules...[   67.658917] iscsi: registered transport (tcp)

[   67.858786] systemd[1]: Mounting POSIX Message Queue File System...
         Mounting POSIX M[   68.084359] iscsi: registered transport (iser)
essage Queue File System...
[   68.307451] systemd[1]: Starting Monitoring of LVM2 mirrors, snapshots etc. using dmeventd or progress polling...
         Starting Monitoring of LVM2 mirrors... dmeventd or progress polling...
[   68.756149] systemd[1]: Reached target Swap.
[[0;32m  OK  [0m] Reached target Swap.
[   68.991513] systemd[1]: Started Forward Password Requests to Wall Directory Watch.
[[0;32m  OK  [0m] Started Forward Password Requests to Wall Directory Watch.
[   69.428155] systemd[1]: Starting Journal Service...
         Starting Journal Service...
[   69.658830] systemd[1]: Mounting Huge Pages File System...
         Mounting Huge Pages File System...
[   69.923755] systemd[1]: Starting Create list of required static device nodes for the current kernel...
         Starting Create list of required st... nodes for the current kernel...
[   70.372296] systemd[1]: Reached target User and Group Name Lookups.
[[0;32m  OK  [0m] Reached target User and Group Name Lookups.
[   70.705137] systemd[1]: Created slice User and Session Slice.
[[0;32m  OK  [0m] Created slice User and Session Slice.
[   70.971818] systemd[1]: Started Trigger resolvconf update for networkd DNS.
[[0;32m  OK  [0m] Started Trigger resolvconf update for networkd DNS.
[   71.331990] systemd[1]: Set up automount Arbitrary Executable File Formats File System Automount Point.
[[0;32m  OK  [0m] Set up automount Arbitrary Executab...ats File System Automount Point.
[   71.842415] systemd[1]: Reached target Slices.
[[0;32m  OK  [0m] Reached target Slices.
[   72.075413] systemd[1]: Listening on udev Control Socket.
[[0;32m  OK  [0m] Listening on udev Control Socket.
[   72.327740] systemd[1]: Starting Set console keymap...
         Starting Set console keymap...
[   72.575129] systemd[1]: Listening on /dev/initctl Compatibility Named Pipe.
[[0;32m  OK  [0m] Listening on /dev/initctl Compatibility Named Pipe.
[   72.943814] systemd[1]: Starting Uncomplicated firewall...
         Starting Uncomplicated firewall...
[   73.194946] systemd[1]: Mounted POSIX Message Queue File System.
[[0;32m  OK  [0m] Mounted POSIX Message Queue File System.
[   73.419171] systemd[1]: Mounted Debug File System.
[[0;32m  OK  [0m] Mounted Debug File System.
[   73.628761] systemd[1]: Mounted Huge Pages File System.
[[0;32m  OK  [0m] Mounted Huge Pages File System.
[   73.899308] systemd[1]: Started Journal Service.
[[0;32m  OK  [0m] Started Journal Service.
[[0;32m  OK  [0m] Started Remount Root and Kernel File Systems.
[[0;32m  OK  [0m] Started Load Kernel Modules.
[[0;32m  OK  [0m] Started Create list of required sta...ce nodes for the current kernel.
[[0;32m  OK  [0m] Started Set console keymap.
[[0;32m  OK  [0m] Started Uncomplicated firewall.
[[0;32m  OK  [0m] Started Nameserver information manager.
[[0;32m  OK  [0m] Started LVM2 metadata daemon.
         Starting Create Static Device Nodes in /dev...
         Starting Apply Kernel Variables...
         Mounting FUSE Control File System...
         Starting Initial cloud-init job (pre-networking)...
         Starting udev Coldplug all Devices...
         Starting Load/Save Random Seed...
         Starting Flush Journal to Persistent Storage...
[[0;32m  OK  [0m] Mounted FUSE Control File System.
[[0;32m  OK  [0m] Started Monitoring of LVM2 mirrors,...ng dmeventd or progress polling.
[[0;32m  OK  [0m] Started Create Static Device Nodes in /dev.
[[0;32m  OK  [0m] Started Apply Kernel Variables.
[[0;32m  OK  [0m] Started Load/Save Random Seed.
[[0;32m  OK  [0m] Started udev Coldplug all Devices.
[[0;32m  OK  [0m] Started Flush Journal to Persistent Storage.
         Starting udev Kernel Device Manager...
[[0;32m  OK  [0m] Started udev Kernel Device Manager.
[[0;32m  OK  [0m] Reached target Local File Systems (Pre).
[[0;32m  OK  [0m] Reached target Local File Systems.
         Starting Set console font and keymap...
         Starting Create Volatile Files and Directories...
         Starting LSB: AppArmor initialization...
         Starting Tell Plymouth To Write Out Runtime Data...
[   49.144394] cloud-init[463]: Cloud-init v. 17.1 running 'init-local' at Sun, 10 Dec 2017 06:59:08 +0000. Up 48.06 seconds.
[[0;32m  OK  [0m] Started Dispatch Password Requests to Console Directory Watch.
[[0;32m  OK  [0m] Started Create Volatile Files and Directories.
[[0;32m  OK  [0m] Started Tell Plymouth To Write Out Runtime Data.
[[0;32m  OK  [0m] Started Initial cloud-init job (pre-networking).
[[0;32m  OK  [0m] Started Set console font and keymap.
[[0;32m  OK  [0m] Found device /dev/ttyS0.
[[0;32m  OK  [0m] Listening on Load/Save RF Kill Switch Status /dev/rfkill Watch.
[[0;32m  OK  [0m] Created slice system-getty.slice.
[[0;32m  OK  [0m] Reached target Network (Pre).
         Starting Update UTMP about System Boot/Shutdown...
[[0;32m  OK  [0m] Reached target System Time Synchronized.
[[0;32m  OK  [0m] Started LSB: AppArmor initialization.
[[0;32m  OK  [0m] Started Update UTMP about System Boot/Shutdown.
         Starting Raise network interfaces...
[[0;32m  OK  [0m] Started ifup for enp0s3.
[[0;32m  OK  [0m] Started Raise network interfaces.
[[0;32m  OK  [0m] Reached target Network.
         Starting Initial cloud-init job (metadata service crawler)...
[   53.037506] cloud-init[977]: Cloud-init v. 17.1 running 'init' at Sun, 10 Dec 2017 06:59:13 +0000. Up 52.48 seconds.
[[0;32m  OK  [0m] Started Initial cloud-init job (metadata service crawler).
[   53.227717] cloud-init[977]: ci-info: +++++++++++++++++++++++++++++++++++++Net device info++++++++++++++++++++++++++++++++++++++
[   53.565553] cloud-init[977]: ci-info: +--------+------+----------------------------+---------------+-------+-------------------+
[   53.773809] cloud-init[977]: ci-info: | Device |  Up  |          Address           |      Mask     | Scope |     Hw-Address    |
[[0;32m  OK  [0m] Reached target System Initialization.
[   53.976888] cloud-init[977]: ci-info: +--------+------+----------------------------+---------------+-------+-------------------+
[[0;32m  OK  [0m] Started ACPI Events Check.
[   54.280803] cloud-init[977]: ci-info: | enp0s3 | True |         10.0.2.15          | 255.255.255.0 |   .   | 02:1b:fc:5d:b5:ff |
[[0;32m  OK  [0m] Reached target Paths.
[   54.581216] cloud-init[977]: ci-info: | enp0s3 | True | fe80::1b:fcff:fe5d:b5ff/64 |       .       |  link | 02:1b:fc:5d:b5:ff |
         Starting Socket activation for snappy daemon.
[[0;32m  OK  [0m] Listening on ACPID Listen Socket.
[[0;32m  OK  [0m] Listening on D-Bus System Message Bus Socket.
[   54.878522] cloud-init[977]: ci-info: |   lo   | True |         127.0.0.1          |   255.0.0.0   |   .   |         .         |
[   55.357362] cloud-init[977]: ci-info: |   lo   | True |          ::1/128           |       .       |  host |         .         |
[[0;32m  OK  [0m] Started Timer to automatically refresh installed snaps.
[[0;32m  OK  [0m] Started Daily Cleanup of Temporary Directories.
[   55.571040] cloud-init[977]: ci-info: +--------+------+----------------------------+---------------+-------+-------------------+
         [   55.996696] cloud-init[977]: ci-info: +++++++++++++++++++++++++++Route IPv4 info++++++++++++++++++++++++++++
[   55.996914] cloud-init[977]: ci-info: +-------+-------------+----------+---------------+-----------+-------+
[   55.997061] cloud-init[977]: ci-info: | Route | Destination | Gateway  |    Genmask    | Interface | Flags |
[   55.997169] cloud-init[977]: ci-info: +-------+-------------+----------+---------------+-----------+-------+
[   55.997291] cloud-init[977]: ci-info: |   0   |   0.0.0.0   | 10.0.2.2 |    0.0.0.0    |   enp0s3  |   UG  |
[   55.997393] cloud-init[977]: ci-info: |   1   |   10.0.2.0  | 0.0.0.0  | 255.255.255.0 |   enp0s3  |   U   |
[   55.997496] cloud-init[977]: ci-info: +-------+-------------+----------+---------------+-----------+-------+
Starting LXD - unix socket.
[[0;32m  OK  [0m] Listening on UUID daemon activation socket.
[[0;32m  OK  [0m] Reached target Cloud-config availability.
[[0;32m  OK  [0m] Reached target Network is Online.
         Starting iSCSI initiator daemon (iscsid)...
[[0;32m  OK  [0m] Started Daily apt download activities.
[[0;32m  OK  [0m] Started Daily apt upgrade and clean activities.
[[0;32m  OK  [0m] Reached target Timers.
[[0;32m  OK  [0m] Listening on Socket activation for snappy daemon.
[[0;32m  OK  [0m] Listening on LXD - unix socket.
[[0;32m  OK  [0m] Started iSCSI initiator daemon (iscsid).
         Starting Login to default iSCSI targets...
[[0;32m  OK  [0m] Reached target Sockets.
[[0;32m  OK  [0m] Reached target Basic System.
         Starting LSB: Record successful boot for GRUB...
         Starting Accounts Service...
[[0;32m  OK  [0m] Started D-Bus System Message Bus.
[[0;32m  OK  [0m] Started Regular background program processing daemon.
         Starting Login Service...
         Starting LXD - container startup/shutdown...
         Starting System Logging Service...
         Starting OpenBSD Secure Shell server...
[[0;32m  OK  [0m] Started Deferred execution scheduler.
         Starting /etc/rc.local Compatibility...
         Starting Apply the settings specified in cloud-config...
         Starting LSB: MD monitoring daemon...
         Starting Snappy daemon...
[[0;32m  OK  [0m] Started Unattended Upgrades Shutdown.
[[0;32m  OK  [0m] Started ACPI event daemon.
[[0;32m  OK  [0m] Started FUSE filesystem for LXC.
[[0;32m  OK  [0m] Started System Logging Service.
[[0;32m  OK  [0m] Started OpenBSD Secure Shell server.
[[0;32m  OK  [0m] Started Snappy daemon.
[[0;32m  OK  [0m] Started LXD - container startup/shutdown.
[[0;32m  OK  [0m] Started /etc/rc.local Compatibility.
[   60.516666] cloud-init[1076]: Cloud-init v. 17.1 running 'modules:config' at Sun, 10 Dec 2017 06:59:20 +0000. Up 60.19 seconds.
[[0;32m  OK  [0m] Started Login to default iSCSI targets.
[[0;32m  OK  [0m] Started LSB: Record successful boot for GRUB.
[[0;32m  OK  [0m] Started Apply the settings specified in cloud-config.
[[0;32m  OK  [0m] Started LSB: MD monitoring daemon.
         Starting Authenticate and Authorize Users to Run Privileged Tasks...
[[0;32m  OK  [0m] Reached target Remote File Systems (Pre).
[[0;32m  OK  [0m] Reached target Remote File Systems.
         Starting LSB: VirtualBox Linux Additions...
         Starting LSB: daemon to balance interrupts for SMP systems...
         Starting LSB: automatic crash report generation...
         Starting Permit User Sessions...
         Starting LSB: Set the CPU Frequency Scaling governor to "ondemand"...
[[0;32m  OK  [0m] Started Permit User Sessions.
[[0;32m  OK  [0m] Started Login Service.
[[0;32m  OK  [0m] Started Authenticate and Authorize Users to Run Privileged Tasks.
[[0;32m  OK  [0m] Started Accounts Service.
         Starting Hold until boot process finishes up...
         Starting Terminate Plymouth Boot Screen...
[[0;32m  OK  [0m] Started LSB: VirtualBox Linux Additions.
[[0;32m  OK  [0m] Started LSB: daemon to balance interrupts for SMP systems.
[[0;32m  OK  [0m] Started LSB: automatic crash report generation.
[[0;32m  OK  [0m] Started LSB: Set the CPU Frequency Scaling governor to "ondemand".
[[0;32m  OK  [0m] Started Hold until boot process finishes up.
[[0;32m  OK  [0m] Started Terminate Plymouth Boot Screen.
[[0;32m  OK  [0m] Started Getty on tty1.
[[0;32m  OK  [0m] Started Serial Getty on ttyS0.
[[0;32m  OK  [0m] Reached target Login Prompts.
         Starting Set console scheme...
[[0;32m  OK  [0m] Reached target Multi-User System.
         Starting Execute cloud user/final scripts...
[[0;32m  OK  [0m] Reached target Graphical Interface.
         Starting Update UTMP about System Runlevel Changes...
[[0;32m  OK  [0m] Started Set console scheme.
[[0;32m  OK  [0m] Started Update UTMP about System Runlevel Changes.
[   64.567726] cloud-init[1208]: Cloud-init v. 17.1 running 'modules:final' at Sun, 10 Dec 2017 06:59:25 +0000. Up 64.31 seconds.
[   64.785601] [cloud-init[0;32m  OK  [0m[1208]: ] Cloud-init v. 17.1 finished at Sun, 10 Dec 2017 06:59:25 +0000. Datasource DataSourceNoCloud [seed=/dev/sdb][dsmode=net].  Up 64.55 secondsStarted Execute cloud user/final scripts.

[[0;32m  OK  [0m] Reached target Cloud-init target.

Ubuntu 16.04.3 LTS ubuntu-xenial ttyS0

ubuntu-xenial login: 